{"C:\\Users\\tanaka.dm\\Programs\\react\\brevet-timer\\vite\\src\\util\\calculate.ts": {"path":"C:\\Users\\tanaka.dm\\Programs\\react\\brevet-timer\\vite\\src\\util\\calculate.ts","all":false,"statementMap":{"0":{"start":{"line":1,"column":0},"end":{"line":1,"column":47}},"1":{"start":{"line":2,"column":0},"end":{"line":2,"column":0}},"2":{"start":{"line":3,"column":0},"end":{"line":3,"column":32}},"3":{"start":{"line":4,"column":0},"end":{"line":4,"column":15}},"4":{"start":{"line":5,"column":0},"end":{"line":5,"column":15}},"5":{"start":{"line":6,"column":0},"end":{"line":6,"column":20}},"6":{"start":{"line":7,"column":0},"end":{"line":7,"column":11}},"7":{"start":{"line":8,"column":0},"end":{"line":8,"column":79}},"8":{"start":{"line":9,"column":0},"end":{"line":9,"column":12}},"9":{"start":{"line":10,"column":0},"end":{"line":10,"column":21}},"10":{"start":{"line":11,"column":0},"end":{"line":11,"column":15}},"11":{"start":{"line":12,"column":0},"end":{"line":12,"column":21}},"12":{"start":{"line":13,"column":0},"end":{"line":13,"column":12}},"13":{"start":{"line":14,"column":0},"end":{"line":14,"column":15}},"14":{"start":{"line":15,"column":0},"end":{"line":15,"column":22}},"15":{"start":{"line":16,"column":0},"end":{"line":16,"column":12}},"16":{"start":{"line":17,"column":0},"end":{"line":17,"column":16}},"17":{"start":{"line":18,"column":0},"end":{"line":18,"column":16}},"18":{"start":{"line":19,"column":0},"end":{"line":19,"column":12}},"19":{"start":{"line":20,"column":0},"end":{"line":20,"column":12}},"20":{"start":{"line":21,"column":0},"end":{"line":21,"column":16}},"21":{"start":{"line":22,"column":0},"end":{"line":22,"column":12}},"22":{"start":{"line":23,"column":0},"end":{"line":23,"column":3}},"23":{"start":{"line":24,"column":0},"end":{"line":24,"column":27}},"24":{"start":{"line":25,"column":0},"end":{"line":25,"column":22}},"25":{"start":{"line":26,"column":0},"end":{"line":26,"column":3}},"26":{"start":{"line":27,"column":0},"end":{"line":27,"column":39}},"27":{"start":{"line":28,"column":0},"end":{"line":28,"column":29}},"28":{"start":{"line":29,"column":0},"end":{"line":29,"column":20}},"29":{"start":{"line":30,"column":0},"end":{"line":30,"column":97}},"30":{"start":{"line":31,"column":0},"end":{"line":31,"column":18}},"31":{"start":{"line":32,"column":0},"end":{"line":32,"column":1}},"32":{"start":{"line":33,"column":0},"end":{"line":33,"column":0}},"33":{"start":{"line":34,"column":0},"end":{"line":34,"column":43}},"34":{"start":{"line":35,"column":0},"end":{"line":35,"column":43}},"35":{"start":{"line":36,"column":0},"end":{"line":36,"column":24}},"36":{"start":{"line":37,"column":0},"end":{"line":37,"column":1}},"37":{"start":{"line":38,"column":0},"end":{"line":38,"column":0}},"38":{"start":{"line":39,"column":0},"end":{"line":39,"column":49}},"39":{"start":{"line":40,"column":0},"end":{"line":40,"column":41}},"40":{"start":{"line":41,"column":0},"end":{"line":41,"column":1}}},"s":{"0":1,"1":1,"2":1,"3":6,"4":6,"5":6,"6":6,"7":6,"8":6,"9":6,"10":6,"11":2,"12":2,"13":6,"14":2,"15":2,"16":6,"17":2,"18":2,"19":6,"20":0,"21":0,"22":6,"23":6,"24":5,"25":5,"26":6,"27":6,"28":6,"29":6,"30":6,"31":6,"32":1,"33":1,"34":0,"35":0,"36":0,"37":1,"38":1,"39":0,"40":0},"branchMap":{"0":{"type":"branch","line":3,"loc":{"start":{"line":3,"column":7},"end":{"line":32,"column":1}},"locations":[{"start":{"line":3,"column":7},"end":{"line":32,"column":1}}]},"1":{"type":"branch","line":11,"loc":{"start":{"line":11,"column":4},"end":{"line":13,"column":12}},"locations":[{"start":{"line":11,"column":4},"end":{"line":13,"column":12}}]},"2":{"type":"branch","line":14,"loc":{"start":{"line":14,"column":4},"end":{"line":16,"column":12}},"locations":[{"start":{"line":14,"column":4},"end":{"line":16,"column":12}}]},"3":{"type":"branch","line":17,"loc":{"start":{"line":17,"column":4},"end":{"line":19,"column":12}},"locations":[{"start":{"line":17,"column":4},"end":{"line":19,"column":12}}]},"4":{"type":"branch","line":20,"loc":{"start":{"line":20,"column":4},"end":{"line":22,"column":12}},"locations":[{"start":{"line":20,"column":4},"end":{"line":22,"column":12}}]},"5":{"type":"branch","line":24,"loc":{"start":{"line":24,"column":26},"end":{"line":27,"column":8}},"locations":[{"start":{"line":24,"column":26},"end":{"line":27,"column":8}}]},"6":{"type":"branch","line":32,"loc":{"start":{"line":32,"column":0},"end":{"line":32,"column":1}},"locations":[{"start":{"line":32,"column":0},"end":{"line":32,"column":1}}]}},"b":{"0":[6],"1":[2],"2":[2],"3":[2],"4":[0],"5":[5],"6":[6]},"fnMap":{"0":{"name":"calculateResult","decl":{"start":{"line":3,"column":7},"end":{"line":32,"column":1}},"loc":{"start":{"line":3,"column":7},"end":{"line":32,"column":1}},"line":3},"1":{"name":"get","decl":{"start":{"line":32,"column":0},"end":{"line":32,"column":1}},"loc":{"start":{"line":32,"column":0},"end":{"line":32,"column":1}},"line":32},"2":{"name":"newDateZeroSecond","decl":{"start":{"line":34,"column":7},"end":{"line":37,"column":1}},"loc":{"start":{"line":34,"column":7},"end":{"line":37,"column":1}},"line":34},"3":{"name":"get","decl":{"start":{"line":37,"column":0},"end":{"line":37,"column":1}},"loc":{"start":{"line":37,"column":0},"end":{"line":37,"column":1}},"line":37},"4":{"name":"setZeroSecond","decl":{"start":{"line":39,"column":7},"end":{"line":41,"column":1}},"loc":{"start":{"line":39,"column":7},"end":{"line":41,"column":1}},"line":39},"5":{"name":"get","decl":{"start":{"line":41,"column":0},"end":{"line":41,"column":1}},"loc":{"start":{"line":41,"column":0},"end":{"line":41,"column":1}},"line":41}},"f":{"0":6,"1":6,"2":0,"3":0,"4":0,"5":0}}
,"C:\\Users\\tanaka.dm\\Programs\\react\\brevet-timer\\vite\\src\\util\\handleParameter.ts": {"path":"C:\\Users\\tanaka.dm\\Programs\\react\\brevet-timer\\vite\\src\\util\\handleParameter.ts","all":false,"statementMap":{"0":{"start":{"line":1,"column":0},"end":{"line":1,"column":39}},"1":{"start":{"line":2,"column":0},"end":{"line":2,"column":0}},"2":{"start":{"line":3,"column":0},"end":{"line":3,"column":46}},"3":{"start":{"line":4,"column":0},"end":{"line":4,"column":0}},"4":{"start":{"line":5,"column":0},"end":{"line":5,"column":3}},"5":{"start":{"line":6,"column":0},"end":{"line":6,"column":2}},"6":{"start":{"line":7,"column":0},"end":{"line":7,"column":15}},"7":{"start":{"line":8,"column":0},"end":{"line":8,"column":13}},"8":{"start":{"line":9,"column":0},"end":{"line":9,"column":2}},"9":{"start":{"line":10,"column":0},"end":{"line":10,"column":17}},"10":{"start":{"line":11,"column":0},"end":{"line":11,"column":2}},"11":{"start":{"line":12,"column":0},"end":{"line":12,"column":27}},"12":{"start":{"line":13,"column":0},"end":{"line":13,"column":2}},"13":{"start":{"line":14,"column":0},"end":{"line":14,"column":27}},"14":{"start":{"line":15,"column":0},"end":{"line":15,"column":2}},"15":{"start":{"line":16,"column":0},"end":{"line":16,"column":36}},"16":{"start":{"line":17,"column":0},"end":{"line":17,"column":2}},"17":{"start":{"line":18,"column":0},"end":{"line":18,"column":43}},"18":{"start":{"line":19,"column":0},"end":{"line":19,"column":2}},"19":{"start":{"line":20,"column":0},"end":{"line":20,"column":24}},"20":{"start":{"line":21,"column":0},"end":{"line":21,"column":3}},"21":{"start":{"line":22,"column":0},"end":{"line":22,"column":52}},"22":{"start":{"line":23,"column":0},"end":{"line":23,"column":66}},"23":{"start":{"line":24,"column":0},"end":{"line":24,"column":47}},"24":{"start":{"line":25,"column":0},"end":{"line":25,"column":0}},"25":{"start":{"line":26,"column":0},"end":{"line":26,"column":27}},"26":{"start":{"line":27,"column":0},"end":{"line":27,"column":18}},"27":{"start":{"line":28,"column":0},"end":{"line":28,"column":41}},"28":{"start":{"line":29,"column":0},"end":{"line":29,"column":41}},"29":{"start":{"line":30,"column":0},"end":{"line":30,"column":44}},"30":{"start":{"line":31,"column":0},"end":{"line":31,"column":44}},"31":{"start":{"line":32,"column":0},"end":{"line":32,"column":4}},"32":{"start":{"line":33,"column":0},"end":{"line":33,"column":18}},"33":{"start":{"line":34,"column":0},"end":{"line":34,"column":1}},"34":{"start":{"line":35,"column":0},"end":{"line":35,"column":0}},"35":{"start":{"line":36,"column":0},"end":{"line":36,"column":69}},"36":{"start":{"line":37,"column":0},"end":{"line":37,"column":53}},"37":{"start":{"line":38,"column":0},"end":{"line":38,"column":24}},"38":{"start":{"line":39,"column":0},"end":{"line":39,"column":17}},"39":{"start":{"line":40,"column":0},"end":{"line":40,"column":49}},"40":{"start":{"line":41,"column":0},"end":{"line":41,"column":17}},"41":{"start":{"line":42,"column":0},"end":{"line":42,"column":32}},"42":{"start":{"line":43,"column":0},"end":{"line":43,"column":18}},"43":{"start":{"line":44,"column":0},"end":{"line":44,"column":10}},"44":{"start":{"line":45,"column":0},"end":{"line":45,"column":13}},"45":{"start":{"line":46,"column":0},"end":{"line":46,"column":17}},"46":{"start":{"line":47,"column":0},"end":{"line":47,"column":3}},"47":{"start":{"line":48,"column":0},"end":{"line":48,"column":1}},"48":{"start":{"line":49,"column":0},"end":{"line":49,"column":0}},"49":{"start":{"line":50,"column":0},"end":{"line":50,"column":68}},"50":{"start":{"line":51,"column":0},"end":{"line":51,"column":73}},"51":{"start":{"line":52,"column":0},"end":{"line":52,"column":31}},"52":{"start":{"line":53,"column":0},"end":{"line":53,"column":19}},"53":{"start":{"line":54,"column":0},"end":{"line":54,"column":3}},"54":{"start":{"line":55,"column":0},"end":{"line":55,"column":45}},"55":{"start":{"line":56,"column":0},"end":{"line":56,"column":29}},"56":{"start":{"line":57,"column":0},"end":{"line":57,"column":45}},"57":{"start":{"line":58,"column":0},"end":{"line":58,"column":1}},"58":{"start":{"line":59,"column":0},"end":{"line":59,"column":0}},"59":{"start":{"line":60,"column":0},"end":{"line":60,"column":68}},"60":{"start":{"line":61,"column":0},"end":{"line":61,"column":73}},"61":{"start":{"line":62,"column":0},"end":{"line":62,"column":31}},"62":{"start":{"line":63,"column":0},"end":{"line":63,"column":19}},"63":{"start":{"line":64,"column":0},"end":{"line":64,"column":3}},"64":{"start":{"line":65,"column":0},"end":{"line":65,"column":39}},"65":{"start":{"line":66,"column":0},"end":{"line":66,"column":42}},"66":{"start":{"line":67,"column":0},"end":{"line":67,"column":1}},"67":{"start":{"line":68,"column":0},"end":{"line":68,"column":0}},"68":{"start":{"line":69,"column":0},"end":{"line":69,"column":51}},"69":{"start":{"line":70,"column":0},"end":{"line":70,"column":57}},"70":{"start":{"line":71,"column":0},"end":{"line":71,"column":1}},"71":{"start":{"line":72,"column":0},"end":{"line":72,"column":0}},"72":{"start":{"line":73,"column":0},"end":{"line":73,"column":51}},"73":{"start":{"line":74,"column":0},"end":{"line":74,"column":70}},"74":{"start":{"line":75,"column":0},"end":{"line":75,"column":1}}},"s":{"0":1,"1":1,"2":1,"3":1,"4":1,"5":1,"6":1,"7":1,"8":1,"9":1,"10":1,"11":1,"12":1,"13":1,"14":1,"15":1,"16":1,"17":1,"18":1,"19":1,"20":1,"21":1,"22":1,"23":1,"24":1,"25":1,"26":1,"27":1,"28":1,"29":1,"30":1,"31":1,"32":1,"33":1,"34":1,"35":1,"36":3,"37":3,"38":1,"39":3,"40":1,"41":1,"42":1,"43":1,"44":0,"45":0,"46":0,"47":3,"48":1,"49":1,"50":4,"51":4,"52":3,"53":3,"54":4,"55":1,"56":1,"57":4,"58":1,"59":1,"60":0,"61":0,"62":0,"63":0,"64":0,"65":0,"66":0,"67":1,"68":1,"69":0,"70":0,"71":1,"72":1,"73":0,"74":0},"branchMap":{"0":{"type":"branch","line":22,"loc":{"start":{"line":22,"column":7},"end":{"line":34,"column":1}},"locations":[{"start":{"line":22,"column":7},"end":{"line":34,"column":1}}]},"1":{"type":"branch","line":34,"loc":{"start":{"line":34,"column":0},"end":{"line":34,"column":1}},"locations":[{"start":{"line":34,"column":0},"end":{"line":34,"column":1}}]},"2":{"type":"branch","line":36,"loc":{"start":{"line":36,"column":7},"end":{"line":48,"column":1}},"locations":[{"start":{"line":36,"column":7},"end":{"line":48,"column":1}}]},"3":{"type":"branch","line":37,"loc":{"start":{"line":37,"column":45},"end":{"line":37,"column":53}},"locations":[{"start":{"line":37,"column":45},"end":{"line":37,"column":53}}]},"4":{"type":"branch","line":38,"loc":{"start":{"line":38,"column":23},"end":{"line":40,"column":13}},"locations":[{"start":{"line":38,"column":23},"end":{"line":40,"column":13}}]},"5":{"type":"branch","line":40,"loc":{"start":{"line":40,"column":2},"end":{"line":48,"column":1}},"locations":[{"start":{"line":40,"column":2},"end":{"line":48,"column":1}}]},"6":{"type":"branch","line":40,"loc":{"start":{"line":40,"column":48},"end":{"line":48,"column":1}},"locations":[{"start":{"line":40,"column":48},"end":{"line":48,"column":1}}]},"7":{"type":"branch","line":44,"loc":{"start":{"line":44,"column":2},"end":{"line":48,"column":1}},"locations":[{"start":{"line":44,"column":2},"end":{"line":48,"column":1}}]},"8":{"type":"branch","line":48,"loc":{"start":{"line":48,"column":0},"end":{"line":48,"column":1}},"locations":[{"start":{"line":48,"column":0},"end":{"line":48,"column":1}}]},"9":{"type":"branch","line":50,"loc":{"start":{"line":50,"column":7},"end":{"line":58,"column":1}},"locations":[{"start":{"line":50,"column":7},"end":{"line":58,"column":1}}]},"10":{"type":"branch","line":52,"loc":{"start":{"line":52,"column":30},"end":{"line":55,"column":8}},"locations":[{"start":{"line":52,"column":30},"end":{"line":55,"column":8}}]},"11":{"type":"branch","line":55,"loc":{"start":{"line":55,"column":2},"end":{"line":58,"column":1}},"locations":[{"start":{"line":55,"column":2},"end":{"line":58,"column":1}}]},"12":{"type":"branch","line":51,"loc":{"start":{"line":51,"column":48},"end":{"line":51,"column":73}},"locations":[{"start":{"line":51,"column":48},"end":{"line":51,"column":73}}]},"13":{"type":"branch","line":58,"loc":{"start":{"line":58,"column":0},"end":{"line":58,"column":1}},"locations":[{"start":{"line":58,"column":0},"end":{"line":58,"column":1}}]}},"b":{"0":[1],"1":[1],"2":[3],"3":[0],"4":[1],"5":[2],"6":[1],"7":[0],"8":[3],"9":[4],"10":[3],"11":[1],"12":[7],"13":[4]},"fnMap":{"0":{"name":"getParameter","decl":{"start":{"line":22,"column":7},"end":{"line":34,"column":1}},"loc":{"start":{"line":22,"column":7},"end":{"line":34,"column":1}},"line":22},"1":{"name":"get","decl":{"start":{"line":34,"column":0},"end":{"line":34,"column":1}},"loc":{"start":{"line":34,"column":0},"end":{"line":34,"column":1}},"line":34},"2":{"name":"defineDistance","decl":{"start":{"line":36,"column":7},"end":{"line":48,"column":1}},"loc":{"start":{"line":36,"column":7},"end":{"line":48,"column":1}},"line":36},"3":{"name":"get","decl":{"start":{"line":48,"column":0},"end":{"line":48,"column":1}},"loc":{"start":{"line":48,"column":0},"end":{"line":48,"column":1}},"line":48},"4":{"name":"defineDate","decl":{"start":{"line":50,"column":7},"end":{"line":58,"column":1}},"loc":{"start":{"line":50,"column":7},"end":{"line":58,"column":1}},"line":50},"5":{"name":"get","decl":{"start":{"line":58,"column":0},"end":{"line":58,"column":1}},"loc":{"start":{"line":58,"column":0},"end":{"line":58,"column":1}},"line":58},"6":{"name":"defineTime","decl":{"start":{"line":60,"column":7},"end":{"line":67,"column":1}},"loc":{"start":{"line":60,"column":7},"end":{"line":67,"column":1}},"line":60},"7":{"name":"get","decl":{"start":{"line":67,"column":0},"end":{"line":67,"column":1}},"loc":{"start":{"line":67,"column":0},"end":{"line":67,"column":1}},"line":67},"8":{"name":"getDateString","decl":{"start":{"line":69,"column":7},"end":{"line":71,"column":1}},"loc":{"start":{"line":69,"column":7},"end":{"line":71,"column":1}},"line":69},"9":{"name":"get","decl":{"start":{"line":71,"column":0},"end":{"line":71,"column":1}},"loc":{"start":{"line":71,"column":0},"end":{"line":71,"column":1}},"line":71},"10":{"name":"getTimeString","decl":{"start":{"line":73,"column":7},"end":{"line":75,"column":1}},"loc":{"start":{"line":73,"column":7},"end":{"line":75,"column":1}},"line":73},"11":{"name":"get","decl":{"start":{"line":75,"column":0},"end":{"line":75,"column":1}},"loc":{"start":{"line":75,"column":0},"end":{"line":75,"column":1}},"line":75}},"f":{"0":1,"1":1,"2":3,"3":3,"4":4,"5":4,"6":0,"7":0,"8":0,"9":0,"10":0,"11":0}}
}
